2023-05-31 11:23:40,431 [Worker-4: Loading available Gradle versions] INFO  o.e.b.c.i.u.g.PublishedGradleVersions - Gradle version information cache is out-of-date. Trying to update.
2023-05-31 11:24:50,385 [Worker-13: Creating project "awslambda"] INFO  o.e.m.c.i.l.LifecycleMappingFactory - Using org.eclipse.m2e.jdt.JarLifecycleMapping lifecycle mapping for MavenProject: com.awslambda:awslambda:0.0.1-SNAPSHOT @ D:\Adv AWS\awslambda\pom.xml.
2023-05-31 11:24:51,200 [Worker-13: Creating project "awslambda"] INFO  o.e.m.j.i.AbstractJavaProjectConfigurator - Adding source folder /awslambda/src/main/java
2023-05-31 11:24:51,202 [Worker-13: Creating project "awslambda"] INFO  o.e.m.j.i.AbstractJavaProjectConfigurator - Adding resource folder /awslambda/src/main/resources
2023-05-31 11:24:51,204 [Worker-13: Creating project "awslambda"] INFO  o.e.m.j.i.AbstractJavaProjectConfigurator - Adding source folder /awslambda/src/test/java
2023-05-31 11:24:51,205 [Worker-13: Creating project "awslambda"] INFO  o.e.m.j.i.AbstractJavaProjectConfigurator - Adding resource folder /awslambda/src/test/resources
2023-05-31 11:24:52,480 [Worker-11: Building] WARN  o.e.m.c.i.embedder.EclipseLogger - Using platform encoding (Cp1252 actually) to copy filtered resources, i.e. build is platform dependent!
2023-05-31 11:24:52,485 [Worker-11: Building] INFO  o.e.m.c.i.embedder.EclipseLogger - Copying 0 resource
2023-05-31 11:24:52,489 [Worker-11: Building] WARN  o.e.m.c.i.embedder.EclipseLogger - Using platform encoding (Cp1252 actually) to copy filtered resources, i.e. build is platform dependent!
2023-05-31 11:24:52,490 [Worker-11: Building] INFO  o.e.m.c.i.embedder.EclipseLogger - Copying 0 resource
2023-05-31 11:29:07,626 [Worker-12: Building] WARN  o.e.m.c.i.embedder.EclipseLogger - Using platform encoding (Cp1252 actually) to copy filtered resources, i.e. build is platform dependent!
2023-05-31 11:29:07,641 [Worker-12: Building] INFO  o.e.m.c.i.embedder.EclipseLogger - Copying 0 resource
2023-05-31 11:29:07,644 [Worker-12: Building] WARN  o.e.m.c.i.embedder.EclipseLogger - Using platform encoding (Cp1252 actually) to copy filtered resources, i.e. build is platform dependent!
2023-05-31 11:29:07,645 [Worker-12: Building] INFO  o.e.m.c.i.embedder.EclipseLogger - Copying 0 resource
2023-05-31 11:29:31,587 [Worker-15: Building] WARN  o.e.m.c.i.embedder.EclipseLogger - Using platform encoding (Cp1252 actually) to copy filtered resources, i.e. build is platform dependent!
2023-05-31 11:29:31,589 [Worker-15: Building] INFO  o.e.m.c.i.embedder.EclipseLogger - Copying 0 resource
2023-05-31 11:29:31,591 [Worker-15: Building] WARN  o.e.m.c.i.embedder.EclipseLogger - Using platform encoding (Cp1252 actually) to copy filtered resources, i.e. build is platform dependent!
2023-05-31 11:29:31,592 [Worker-15: Building] INFO  o.e.m.c.i.embedder.EclipseLogger - Copying 0 resource
2023-05-31 11:29:32,609 [Worker-8: Building] WARN  o.e.m.c.i.embedder.EclipseLogger - Using platform encoding (Cp1252 actually) to copy filtered resources, i.e. build is platform dependent!
2023-05-31 11:29:32,610 [Worker-8: Building] INFO  o.e.m.c.i.embedder.EclipseLogger - Copying 0 resource
2023-05-31 11:29:32,613 [Worker-8: Building] WARN  o.e.m.c.i.embedder.EclipseLogger - Using platform encoding (Cp1252 actually) to copy filtered resources, i.e. build is platform dependent!
2023-05-31 11:29:32,614 [Worker-8: Building] INFO  o.e.m.c.i.embedder.EclipseLogger - Copying 0 resource
2023-05-31 11:31:13,840 [Worker-14: Building] WARN  o.e.m.c.i.embedder.EclipseLogger - Using platform encoding (Cp1252 actually) to copy filtered resources, i.e. build is platform dependent!
2023-05-31 11:31:13,841 [Worker-14: Building] INFO  o.e.m.c.i.embedder.EclipseLogger - Copying 0 resource
2023-05-31 11:31:13,844 [Worker-14: Building] WARN  o.e.m.c.i.embedder.EclipseLogger - Using platform encoding (Cp1252 actually) to copy filtered resources, i.e. build is platform dependent!
2023-05-31 11:31:13,844 [Worker-14: Building] INFO  o.e.m.c.i.embedder.EclipseLogger - Copying 0 resource
2023-05-31 11:44:06,115 [Worker-17: Building] WARN  o.e.m.c.i.embedder.EclipseLogger - Using platform encoding (Cp1252 actually) to copy filtered resources, i.e. build is platform dependent!
2023-05-31 11:44:06,117 [Worker-17: Building] INFO  o.e.m.c.i.embedder.EclipseLogger - Copying 0 resource
2023-05-31 11:44:06,121 [Worker-17: Building] WARN  o.e.m.c.i.embedder.EclipseLogger - Using platform encoding (Cp1252 actually) to copy filtered resources, i.e. build is platform dependent!
2023-05-31 11:44:06,122 [Worker-17: Building] INFO  o.e.m.c.i.embedder.EclipseLogger - Copying 0 resource
2023-05-31 11:45:19,196 [Worker-19: Launching Executing clean in D__Adv AWS_awslambda] INFO  o.eclipse.m2e.core.internal.Bundles - getClasspathEntries(Bundle=org.eclipse.m2e.maven.runtime_3.8.604.20221130-2149 [267])
2023-05-31 11:45:19,205 [Worker-19: Launching Executing clean in D__Adv AWS_awslambda] INFO  o.eclipse.m2e.core.internal.Bundles - 	Entry: C:\Users\Administrator\.p2\pool\plugins\org.eclipse.m2e.maven.runtime_3.8.604.20221130-2149
2023-05-31 11:45:19,206 [Worker-19: Launching Executing clean in D__Adv AWS_awslambda] INFO  o.eclipse.m2e.core.internal.Bundles - 	Entry: C:\Users\Administrator\.p2\pool\plugins\org.eclipse.m2e.maven.runtime_3.8.604.20221130-2149\jars\aether-connector-okhttp-0.17.8.jar
2023-05-31 11:45:19,206 [Worker-19: Launching Executing clean in D__Adv AWS_awslambda] INFO  o.eclipse.m2e.core.internal.Bundles - 	Entry: C:\Users\Administrator\.p2\pool\plugins\org.eclipse.m2e.maven.runtime_3.8.604.20221130-2149\jars\commons-cli-1.4.jar
2023-05-31 11:45:19,207 [Worker-19: Launching Executing clean in D__Adv AWS_awslambda] INFO  o.eclipse.m2e.core.internal.Bundles - 	Entry: C:\Users\Administrator\.p2\pool\plugins\org.eclipse.m2e.maven.runtime_3.8.604.20221130-2149\jars\commons-io-2.6.jar
2023-05-31 11:45:19,207 [Worker-19: Launching Executing clean in D__Adv AWS_awslambda] INFO  o.eclipse.m2e.core.internal.Bundles - 	Entry: C:\Users\Administrator\.p2\pool\plugins\org.eclipse.m2e.maven.runtime_3.8.604.20221130-2149\jars\commons-lang3-3.8.1.jar
2023-05-31 11:45:19,208 [Worker-19: Launching Executing clean in D__Adv AWS_awslambda] INFO  o.eclipse.m2e.core.internal.Bundles - 	Entry: C:\Users\Administrator\.p2\pool\plugins\org.eclipse.m2e.maven.runtime_3.8.604.20221130-2149\jars\guice-4.2.2-no_aop.jar
2023-05-31 11:45:19,209 [Worker-19: Launching Executing clean in D__Adv AWS_awslambda] INFO  o.eclipse.m2e.core.internal.Bundles - 	Entry: C:\Users\Administrator\.p2\pool\plugins\org.eclipse.m2e.maven.runtime_3.8.604.20221130-2149\jars\jansi-2.4.0.jar
2023-05-31 11:45:19,209 [Worker-19: Launching Executing clean in D__Adv AWS_awslambda] INFO  o.eclipse.m2e.core.internal.Bundles - 	Entry: C:\Users\Administrator\.p2\pool\plugins\org.eclipse.m2e.maven.runtime_3.8.604.20221130-2149\jars\maven-artifact-3.8.6.jar
2023-05-31 11:45:19,211 [Worker-19: Launching Executing clean in D__Adv AWS_awslambda] INFO  o.eclipse.m2e.core.internal.Bundles - 	Entry: C:\Users\Administrator\.p2\pool\plugins\org.eclipse.m2e.maven.runtime_3.8.604.20221130-2149\jars\maven-builder-support-3.8.6.jar
2023-05-31 11:45:19,211 [Worker-19: Launching Executing clean in D__Adv AWS_awslambda] INFO  o.eclipse.m2e.core.internal.Bundles - 	Entry: C:\Users\Administrator\.p2\pool\plugins\org.eclipse.m2e.maven.runtime_3.8.604.20221130-2149\jars\maven-compat-3.8.6.jar
2023-05-31 11:45:19,212 [Worker-19: Launching Executing clean in D__Adv AWS_awslambda] INFO  o.eclipse.m2e.core.internal.Bundles - 	Entry: C:\Users\Administrator\.p2\pool\plugins\org.eclipse.m2e.maven.runtime_3.8.604.20221130-2149\jars\maven-core-3.8.6.jar
2023-05-31 11:45:19,212 [Worker-19: Launching Executing clean in D__Adv AWS_awslambda] INFO  o.eclipse.m2e.core.internal.Bundles - 	Entry: C:\Users\Administrator\.p2\pool\plugins\org.eclipse.m2e.maven.runtime_3.8.604.20221130-2149\jars\maven-embedder-3.8.6.jar
2023-05-31 11:45:19,212 [Worker-19: Launching Executing clean in D__Adv AWS_awslambda] INFO  o.eclipse.m2e.core.internal.Bundles - 	Entry: C:\Users\Administrator\.p2\pool\plugins\org.eclipse.m2e.maven.runtime_3.8.604.20221130-2149\jars\maven-model-3.8.6.jar
2023-05-31 11:45:19,213 [Worker-19: Launching Executing clean in D__Adv AWS_awslambda] INFO  o.eclipse.m2e.core.internal.Bundles - 	Entry: C:\Users\Administrator\.p2\pool\plugins\org.eclipse.m2e.maven.runtime_3.8.604.20221130-2149\jars\maven-model-builder-3.8.6.jar
2023-05-31 11:45:19,213 [Worker-19: Launching Executing clean in D__Adv AWS_awslambda] INFO  o.eclipse.m2e.core.internal.Bundles - 	Entry: C:\Users\Administrator\.p2\pool\plugins\org.eclipse.m2e.maven.runtime_3.8.604.20221130-2149\jars\maven-plugin-api-3.8.6.jar
2023-05-31 11:45:19,213 [Worker-19: Launching Executing clean in D__Adv AWS_awslambda] INFO  o.eclipse.m2e.core.internal.Bundles - 	Entry: C:\Users\Administrator\.p2\pool\plugins\org.eclipse.m2e.maven.runtime_3.8.604.20221130-2149\jars\maven-repository-metadata-3.8.6.jar
2023-05-31 11:45:19,214 [Worker-19: Launching Executing clean in D__Adv AWS_awslambda] INFO  o.eclipse.m2e.core.internal.Bundles - 	Entry: C:\Users\Administrator\.p2\pool\plugins\org.eclipse.m2e.maven.runtime_3.8.604.20221130-2149\jars\maven-resolver-api-1.6.3.jar
2023-05-31 11:45:19,214 [Worker-19: Launching Executing clean in D__Adv AWS_awslambda] INFO  o.eclipse.m2e.core.internal.Bundles - 	Entry: C:\Users\Administrator\.p2\pool\plugins\org.eclipse.m2e.maven.runtime_3.8.604.20221130-2149\jars\maven-resolver-connector-basic-1.6.3.jar
2023-05-31 11:45:19,214 [Worker-19: Launching Executing clean in D__Adv AWS_awslambda] INFO  o.eclipse.m2e.core.internal.Bundles - 	Entry: C:\Users\Administrator\.p2\pool\plugins\org.eclipse.m2e.maven.runtime_3.8.604.20221130-2149\jars\maven-resolver-impl-1.6.3.jar
2023-05-31 11:45:19,214 [Worker-19: Launching Executing clean in D__Adv AWS_awslambda] INFO  o.eclipse.m2e.core.internal.Bundles - 	Entry: C:\Users\Administrator\.p2\pool\plugins\org.eclipse.m2e.maven.runtime_3.8.604.20221130-2149\jars\maven-resolver-provider-3.8.6.jar
2023-05-31 11:45:19,215 [Worker-19: Launching Executing clean in D__Adv AWS_awslambda] INFO  o.eclipse.m2e.core.internal.Bundles - 	Entry: C:\Users\Administrator\.p2\pool\plugins\org.eclipse.m2e.maven.runtime_3.8.604.20221130-2149\jars\maven-resolver-spi-1.6.3.jar
2023-05-31 11:45:19,215 [Worker-19: Launching Executing clean in D__Adv AWS_awslambda] INFO  o.eclipse.m2e.core.internal.Bundles - 	Entry: C:\Users\Administrator\.p2\pool\plugins\org.eclipse.m2e.maven.runtime_3.8.604.20221130-2149\jars\maven-resolver-transport-wagon-1.6.3.jar
2023-05-31 11:45:19,215 [Worker-19: Launching Executing clean in D__Adv AWS_awslambda] INFO  o.eclipse.m2e.core.internal.Bundles - 	Entry: C:\Users\Administrator\.p2\pool\plugins\org.eclipse.m2e.maven.runtime_3.8.604.20221130-2149\jars\maven-resolver-util-1.6.3.jar
2023-05-31 11:45:19,215 [Worker-19: Launching Executing clean in D__Adv AWS_awslambda] INFO  o.eclipse.m2e.core.internal.Bundles - 	Entry: C:\Users\Administrator\.p2\pool\plugins\org.eclipse.m2e.maven.runtime_3.8.604.20221130-2149\jars\maven-settings-3.8.6.jar
2023-05-31 11:45:19,216 [Worker-19: Launching Executing clean in D__Adv AWS_awslambda] INFO  o.eclipse.m2e.core.internal.Bundles - 	Entry: C:\Users\Administrator\.p2\pool\plugins\org.eclipse.m2e.maven.runtime_3.8.604.20221130-2149\jars\maven-settings-builder-3.8.6.jar
2023-05-31 11:45:19,216 [Worker-19: Launching Executing clean in D__Adv AWS_awslambda] INFO  o.eclipse.m2e.core.internal.Bundles - 	Entry: C:\Users\Administrator\.p2\pool\plugins\org.eclipse.m2e.maven.runtime_3.8.604.20221130-2149\jars\maven-shared-utils-3.3.4.jar
2023-05-31 11:45:19,216 [Worker-19: Launching Executing clean in D__Adv AWS_awslambda] INFO  o.eclipse.m2e.core.internal.Bundles - 	Entry: C:\Users\Administrator\.p2\pool\plugins\org.eclipse.m2e.maven.runtime_3.8.604.20221130-2149\jars\okhttp-3.14.1.jar
2023-05-31 11:45:19,216 [Worker-19: Launching Executing clean in D__Adv AWS_awslambda] INFO  o.eclipse.m2e.core.internal.Bundles - 	Entry: C:\Users\Administrator\.p2\pool\plugins\org.eclipse.m2e.maven.runtime_3.8.604.20221130-2149\jars\okio-1.17.3.jar
2023-05-31 11:45:19,217 [Worker-19: Launching Executing clean in D__Adv AWS_awslambda] INFO  o.eclipse.m2e.core.internal.Bundles - 	Entry: C:\Users\Administrator\.p2\pool\plugins\org.eclipse.m2e.maven.runtime_3.8.604.20221130-2149\jars\org.eclipse.sisu.inject-0.3.5.jar
2023-05-31 11:45:19,218 [Worker-19: Launching Executing clean in D__Adv AWS_awslambda] INFO  o.eclipse.m2e.core.internal.Bundles - 	Entry: C:\Users\Administrator\.p2\pool\plugins\org.eclipse.m2e.maven.runtime_3.8.604.20221130-2149\jars\org.eclipse.sisu.plexus-0.3.5.jar
2023-05-31 11:45:19,218 [Worker-19: Launching Executing clean in D__Adv AWS_awslambda] INFO  o.eclipse.m2e.core.internal.Bundles - 	Entry: C:\Users\Administrator\.p2\pool\plugins\org.eclipse.m2e.maven.runtime_3.8.604.20221130-2149\jars\plexus-build-api-0.0.7.jar
2023-05-31 11:45:19,218 [Worker-19: Launching Executing clean in D__Adv AWS_awslambda] INFO  o.eclipse.m2e.core.internal.Bundles - 	Entry: C:\Users\Administrator\.p2\pool\plugins\org.eclipse.m2e.maven.runtime_3.8.604.20221130-2149\jars\plexus-cipher-2.0.jar
2023-05-31 11:45:19,218 [Worker-19: Launching Executing clean in D__Adv AWS_awslambda] INFO  o.eclipse.m2e.core.internal.Bundles - 	Entry: C:\Users\Administrator\.p2\pool\plugins\org.eclipse.m2e.maven.runtime_3.8.604.20221130-2149\jars\plexus-classworlds-2.6.0.jar
2023-05-31 11:45:19,219 [Worker-19: Launching Executing clean in D__Adv AWS_awslambda] INFO  o.eclipse.m2e.core.internal.Bundles - 	Entry: C:\Users\Administrator\.p2\pool\plugins\org.eclipse.m2e.maven.runtime_3.8.604.20221130-2149\jars\plexus-component-annotations-2.1.0.jar
2023-05-31 11:45:19,219 [Worker-19: Launching Executing clean in D__Adv AWS_awslambda] INFO  o.eclipse.m2e.core.internal.Bundles - 	Entry: C:\Users\Administrator\.p2\pool\plugins\org.eclipse.m2e.maven.runtime_3.8.604.20221130-2149\jars\plexus-interpolation-1.26.jar
2023-05-31 11:45:19,219 [Worker-19: Launching Executing clean in D__Adv AWS_awslambda] INFO  o.eclipse.m2e.core.internal.Bundles - 	Entry: C:\Users\Administrator\.p2\pool\plugins\org.eclipse.m2e.maven.runtime_3.8.604.20221130-2149\jars\plexus-sec-dispatcher-2.0.jar
2023-05-31 11:45:19,219 [Worker-19: Launching Executing clean in D__Adv AWS_awslambda] INFO  o.eclipse.m2e.core.internal.Bundles - 	Entry: C:\Users\Administrator\.p2\pool\plugins\org.eclipse.m2e.maven.runtime_3.8.604.20221130-2149\jars\plexus-utils-3.3.1.jar
2023-05-31 11:45:19,220 [Worker-19: Launching Executing clean in D__Adv AWS_awslambda] INFO  o.eclipse.m2e.core.internal.Bundles - 	Entry: C:\Users\Administrator\.p2\pool\plugins\org.eclipse.m2e.maven.runtime_3.8.604.20221130-2149\jars\wagon-file-3.5.1.jar
2023-05-31 11:45:19,220 [Worker-19: Launching Executing clean in D__Adv AWS_awslambda] INFO  o.eclipse.m2e.core.internal.Bundles - 	Entry: C:\Users\Administrator\.p2\pool\plugins\org.eclipse.m2e.maven.runtime_3.8.604.20221130-2149\jars\wagon-provider-api-3.5.1.jar
2023-05-31 11:45:19,222 [Worker-19: Launching Executing clean in D__Adv AWS_awslambda] INFO  o.eclipse.m2e.core.internal.Bundles - getClasspathEntries(Bundle=com.google.guava_30.1.0.v20221112-0806 [8])
2023-05-31 11:45:19,226 [Worker-19: Launching Executing clean in D__Adv AWS_awslambda] INFO  o.eclipse.m2e.core.internal.Bundles - 	Entry: C:\Users\Administrator\.p2\pool\plugins\com.google.guava_30.1.0.v20221112-0806.jar
2023-05-31 11:45:19,226 [Worker-19: Launching Executing clean in D__Adv AWS_awslambda] INFO  o.eclipse.m2e.core.internal.Bundles - getClasspathEntries(Bundle=slf4j.api_1.7.36 [431])
2023-05-31 11:45:19,227 [Worker-19: Launching Executing clean in D__Adv AWS_awslambda] INFO  o.eclipse.m2e.core.internal.Bundles - 	Entry: C:\Users\Administrator\.p2\pool\plugins\slf4j.api_1.7.36.jar
2023-05-31 11:45:19,227 [Worker-19: Launching Executing clean in D__Adv AWS_awslambda] INFO  o.eclipse.m2e.core.internal.Bundles - getClasspathEntries(Bundle=javax.inject_1.0.0.v20220405-0441 [18])
2023-05-31 11:45:19,229 [Worker-19: Launching Executing clean in D__Adv AWS_awslambda] INFO  o.eclipse.m2e.core.internal.Bundles - 	Entry: C:\Users\Administrator\.p2\pool\plugins\javax.inject_1.0.0.v20220405-0441.jar
2023-05-31 11:45:19,229 [Worker-19: Launching Executing clean in D__Adv AWS_awslambda] INFO  o.eclipse.m2e.core.internal.Bundles - getClasspathEntries(Bundle=javax.annotation_1.3.5.v20221112-0806 [16])
2023-05-31 11:45:19,230 [Worker-19: Launching Executing clean in D__Adv AWS_awslambda] INFO  o.eclipse.m2e.core.internal.Bundles - 	Entry: C:\Users\Administrator\.p2\pool\plugins\javax.annotation_1.3.5.v20221112-0806.jar
2023-05-31 11:45:19,236 [Worker-19: Launching Executing clean in D__Adv AWS_awslambda] INFO  o.e.m.i.launch.MavenLaunchDelegate - Run build in "D:\Adv AWS\awslambda":
2023-05-31 11:45:19,243 [Worker-19: Launching Executing clean in D__Adv AWS_awslambda] INFO  o.e.m.i.launch.MavenLaunchDelegate -  mvn  -B -Dstyle.color=always clean
2023-05-31 11:45:23,877 [Worker-21: Building] WARN  o.e.m.c.i.embedder.EclipseLogger - Using platform encoding (Cp1252 actually) to copy filtered resources, i.e. build is platform dependent!
2023-05-31 11:45:23,879 [Worker-21: Building] INFO  o.e.m.c.i.embedder.EclipseLogger - Copying 0 resource
2023-05-31 11:45:23,883 [Worker-21: Building] WARN  o.e.m.c.i.embedder.EclipseLogger - Using platform encoding (Cp1252 actually) to copy filtered resources, i.e. build is platform dependent!
2023-05-31 11:45:23,884 [Worker-21: Building] INFO  o.e.m.c.i.embedder.EclipseLogger - Copying 0 resource
2023-05-31 11:45:33,761 [Worker-16: Launching Executing install in D__Adv AWS_awslambda] INFO  o.e.m.i.launch.MavenLaunchDelegate - Run build in "D:\Adv AWS\awslambda":
2023-05-31 11:45:33,761 [Worker-16: Launching Executing install in D__Adv AWS_awslambda] INFO  o.e.m.i.launch.MavenLaunchDelegate -  mvn  -B -Dstyle.color=always install
2023-05-31 11:45:39,556 [Worker-20: Building] WARN  o.e.m.c.i.embedder.EclipseLogger - Using platform encoding (Cp1252 actually) to copy filtered resources, i.e. build is platform dependent!
2023-05-31 11:45:39,557 [Worker-20: Building] INFO  o.e.m.c.i.embedder.EclipseLogger - Copying 0 resource
2023-05-31 11:45:39,560 [Worker-20: Building] WARN  o.e.m.c.i.embedder.EclipseLogger - Using platform encoding (Cp1252 actually) to copy filtered resources, i.e. build is platform dependent!
2023-05-31 11:45:39,560 [Worker-20: Building] INFO  o.e.m.c.i.embedder.EclipseLogger - Copying 0 resource
2023-05-31 11:48:07,260 [Worker-22: Launching Executing clean in D__Adv AWS_awslambda] INFO  o.e.m.i.launch.MavenLaunchDelegate - Run build in "D:\Adv AWS\awslambda":
2023-05-31 11:48:07,261 [Worker-22: Launching Executing clean in D__Adv AWS_awslambda] INFO  o.e.m.i.launch.MavenLaunchDelegate -  mvn  -B -Dstyle.color=always clean
2023-05-31 11:48:09,990 [Worker-20: Building] WARN  o.e.m.c.i.embedder.EclipseLogger - Using platform encoding (Cp1252 actually) to copy filtered resources, i.e. build is platform dependent!
2023-05-31 11:48:09,991 [Worker-20: Building] INFO  o.e.m.c.i.embedder.EclipseLogger - Copying 0 resource
2023-05-31 11:48:09,995 [Worker-20: Building] WARN  o.e.m.c.i.embedder.EclipseLogger - Using platform encoding (Cp1252 actually) to copy filtered resources, i.e. build is platform dependent!
2023-05-31 11:48:09,997 [Worker-20: Building] INFO  o.e.m.c.i.embedder.EclipseLogger - Copying 0 resource
2023-05-31 11:48:15,265 [main] INFO  o.e.m2e.actions.ExecutePomAction - Creating new launch configuration
2023-05-31 11:48:33,071 [Worker-23: Launching awslambda] INFO  o.e.m.i.launch.MavenLaunchDelegate - Run build in "D:\Adv AWS\awslambda":
2023-05-31 11:48:33,071 [Worker-23: Launching awslambda] INFO  o.e.m.i.launch.MavenLaunchDelegate -  mvn  -B -Dstyle.color=always package
2023-05-31 11:48:43,753 [main] INFO  o.e.m2e.actions.ExecutePomAction - Creating new launch configuration
2023-05-31 11:48:51,601 [Worker-20: Launching awslambda (1)] INFO  o.e.m.i.launch.MavenLaunchDelegate - Run build in "D:\Adv AWS\awslambda":
2023-05-31 11:48:51,602 [Worker-20: Launching awslambda (1)] INFO  o.e.m.i.launch.MavenLaunchDelegate -  mvn  -B -Dstyle.color=always clean package
2023-05-31 11:49:13,077 [Worker-20: Updating Maven Project] INFO  o.e.m.c.i.p.ProjectConfigurationManager - Update started
2023-05-31 11:49:13,556 [Worker-20: Updating Maven Project] INFO  o.e.m.c.i.l.LifecycleMappingFactory - Using org.eclipse.m2e.jdt.JarLifecycleMapping lifecycle mapping for MavenProject: com.awslambda:awslambda:0.0.1-SNAPSHOT @ D:\Adv AWS\awslambda\pom.xml.
2023-05-31 11:49:14,007 [Worker-20: Updating Maven Project] INFO  o.e.m.j.i.AbstractJavaProjectConfigurator - Adding source folder /awslambda/src/main/java
2023-05-31 11:49:14,007 [Worker-20: Updating Maven Project] INFO  o.e.m.j.i.AbstractJavaProjectConfigurator - Adding resource folder /awslambda/src/main/resources
2023-05-31 11:49:14,008 [Worker-20: Updating Maven Project] INFO  o.e.m.j.i.AbstractJavaProjectConfigurator - Adding source folder /awslambda/src/test/java
2023-05-31 11:49:14,008 [Worker-20: Updating Maven Project] INFO  o.e.m.j.i.AbstractJavaProjectConfigurator - Adding resource folder /awslambda/src/test/resources
2023-05-31 11:49:14,137 [Worker-20: Updating Maven Project] INFO  o.e.m.c.i.p.ProjectConfigurationManager - Update completed for 1 poms: local refresh takes 0.00 sec, refresh facades takes 0.00 sec, update config takes 0.00 sec 
2023-05-31 11:49:14,276 [Worker-23: Building] WARN  o.e.m.c.i.embedder.EclipseLogger - Using platform encoding (Cp1252 actually) to copy filtered resources, i.e. build is platform dependent!
2023-05-31 11:49:14,292 [Worker-23: Building] INFO  o.e.m.c.i.embedder.EclipseLogger - Copying 0 resource
2023-05-31 11:49:14,296 [Worker-23: Building] WARN  o.e.m.c.i.embedder.EclipseLogger - Using platform encoding (Cp1252 actually) to copy filtered resources, i.e. build is platform dependent!
2023-05-31 11:49:14,297 [Worker-23: Building] INFO  o.e.m.c.i.embedder.EclipseLogger - Copying 0 resource
2023-05-31 11:49:32,152 [Worker-20: Launching Executing install in D__Adv AWS_awslambda] INFO  o.e.m.i.launch.MavenLaunchDelegate - Run build in "D:\Adv AWS\awslambda":
2023-05-31 11:49:32,152 [Worker-20: Launching Executing install in D__Adv AWS_awslambda] INFO  o.e.m.i.launch.MavenLaunchDelegate -  mvn  -B -Dstyle.color=always install
2023-05-31 11:49:38,213 [Worker-24: Building] WARN  o.e.m.c.i.embedder.EclipseLogger - Using platform encoding (Cp1252 actually) to copy filtered resources, i.e. build is platform dependent!
2023-05-31 11:49:38,216 [Worker-24: Building] INFO  o.e.m.c.i.embedder.EclipseLogger - Copying 0 resource
2023-05-31 11:49:38,218 [Worker-24: Building] WARN  o.e.m.c.i.embedder.EclipseLogger - Using platform encoding (Cp1252 actually) to copy filtered resources, i.e. build is platform dependent!
2023-05-31 11:49:38,219 [Worker-24: Building] INFO  o.e.m.c.i.embedder.EclipseLogger - Copying 0 resource
2023-05-31 12:16:41,518 [Worker-30: Building] WARN  o.e.m.c.i.embedder.EclipseLogger - Using platform encoding (Cp1252 actually) to copy filtered resources, i.e. build is platform dependent!
2023-05-31 12:16:41,519 [Worker-30: Building] INFO  o.e.m.c.i.embedder.EclipseLogger - Copying 0 resource
2023-05-31 12:16:41,522 [Worker-30: Building] WARN  o.e.m.c.i.embedder.EclipseLogger - Using platform encoding (Cp1252 actually) to copy filtered resources, i.e. build is platform dependent!
2023-05-31 12:16:41,523 [Worker-30: Building] INFO  o.e.m.c.i.embedder.EclipseLogger - Copying 0 resource
2023-05-31 12:17:45,280 [Worker-28: Launching Executing clean in D__Adv AWS_awslambda] INFO  o.e.m.i.launch.MavenLaunchDelegate - Run build in "D:\Adv AWS\awslambda":
2023-05-31 12:17:45,281 [Worker-28: Launching Executing clean in D__Adv AWS_awslambda] INFO  o.e.m.i.launch.MavenLaunchDelegate -  mvn  -B -Dstyle.color=always clean
2023-05-31 12:17:48,205 [Worker-30: Building] WARN  o.e.m.c.i.embedder.EclipseLogger - Using platform encoding (Cp1252 actually) to copy filtered resources, i.e. build is platform dependent!
2023-05-31 12:17:48,206 [Worker-30: Building] INFO  o.e.m.c.i.embedder.EclipseLogger - Copying 0 resource
2023-05-31 12:17:48,209 [Worker-30: Building] WARN  o.e.m.c.i.embedder.EclipseLogger - Using platform encoding (Cp1252 actually) to copy filtered resources, i.e. build is platform dependent!
2023-05-31 12:17:48,212 [Worker-30: Building] INFO  o.e.m.c.i.embedder.EclipseLogger - Copying 0 resource
2023-05-31 12:18:03,035 [Worker-29: Updating Maven Project] INFO  o.e.m.c.i.p.ProjectConfigurationManager - Update started
2023-05-31 12:18:03,460 [Worker-29: Updating Maven Project] INFO  o.e.m.c.i.l.LifecycleMappingFactory - Using org.eclipse.m2e.jdt.JarLifecycleMapping lifecycle mapping for MavenProject: com.awslambda:awslambda:0.0.1-SNAPSHOT @ D:\Adv AWS\awslambda\pom.xml.
2023-05-31 12:18:03,633 [Worker-29: Updating Maven Project] INFO  o.e.m.j.i.AbstractJavaProjectConfigurator - Adding source folder /awslambda/src/main/java
2023-05-31 12:18:03,634 [Worker-29: Updating Maven Project] INFO  o.e.m.j.i.AbstractJavaProjectConfigurator - Adding resource folder /awslambda/src/main/resources
2023-05-31 12:18:03,635 [Worker-29: Updating Maven Project] INFO  o.e.m.j.i.AbstractJavaProjectConfigurator - Adding source folder /awslambda/src/test/java
2023-05-31 12:18:03,635 [Worker-29: Updating Maven Project] INFO  o.e.m.j.i.AbstractJavaProjectConfigurator - Adding resource folder /awslambda/src/test/resources
2023-05-31 12:18:03,727 [Worker-29: Updating Maven Project] INFO  o.e.m.c.i.p.ProjectConfigurationManager - Update completed for 1 poms: local refresh takes 0.00 sec, refresh facades takes 0.00 sec, update config takes 0.00 sec 
2023-05-31 12:18:03,864 [Worker-32: Building] WARN  o.e.m.c.i.embedder.EclipseLogger - Using platform encoding (Cp1252 actually) to copy filtered resources, i.e. build is platform dependent!
2023-05-31 12:18:03,865 [Worker-32: Building] INFO  o.e.m.c.i.embedder.EclipseLogger - Copying 0 resource
2023-05-31 12:18:03,869 [Worker-32: Building] WARN  o.e.m.c.i.embedder.EclipseLogger - Using platform encoding (Cp1252 actually) to copy filtered resources, i.e. build is platform dependent!
2023-05-31 12:18:03,870 [Worker-32: Building] INFO  o.e.m.c.i.embedder.EclipseLogger - Copying 0 resource
2023-05-31 12:18:10,658 [main] INFO  o.e.m2e.actions.ExecutePomAction - Creating new launch configuration
2023-05-31 12:18:17,364 [Worker-28: Launching awslambda (2)] INFO  o.e.m.i.launch.MavenLaunchDelegate - Run build in "D:\Adv AWS\awslambda":
2023-05-31 12:18:17,364 [Worker-28: Launching awslambda (2)] INFO  o.e.m.i.launch.MavenLaunchDelegate -  mvn  -B -Dstyle.color=always package
2023-05-31 12:18:32,463 [Worker-30: Updating Maven Project] INFO  o.e.m.c.i.p.ProjectConfigurationManager - Update started
2023-05-31 12:18:32,797 [Worker-30: Updating Maven Project] INFO  o.e.m.c.i.l.LifecycleMappingFactory - Using org.eclipse.m2e.jdt.JarLifecycleMapping lifecycle mapping for MavenProject: com.awslambda:awslambda:0.0.1-SNAPSHOT @ D:\Adv AWS\awslambda\pom.xml.
2023-05-31 12:18:32,961 [Worker-30: Updating Maven Project] INFO  o.e.m.j.i.AbstractJavaProjectConfigurator - Adding source folder /awslambda/src/main/java
2023-05-31 12:18:32,961 [Worker-30: Updating Maven Project] INFO  o.e.m.j.i.AbstractJavaProjectConfigurator - Adding resource folder /awslambda/src/main/resources
2023-05-31 12:18:32,962 [Worker-30: Updating Maven Project] INFO  o.e.m.j.i.AbstractJavaProjectConfigurator - Adding source folder /awslambda/src/test/java
2023-05-31 12:18:32,962 [Worker-30: Updating Maven Project] INFO  o.e.m.j.i.AbstractJavaProjectConfigurator - Adding resource folder /awslambda/src/test/resources
2023-05-31 12:18:33,056 [Worker-30: Updating Maven Project] INFO  o.e.m.c.i.p.ProjectConfigurationManager - Update completed for 1 poms: local refresh takes 0.00 sec, refresh facades takes 0.00 sec, update config takes 0.00 sec 
2023-05-31 12:18:33,200 [Worker-31: Building] WARN  o.e.m.c.i.embedder.EclipseLogger - Using platform encoding (Cp1252 actually) to copy filtered resources, i.e. build is platform dependent!
2023-05-31 12:18:33,202 [Worker-31: Building] INFO  o.e.m.c.i.embedder.EclipseLogger - Copying 0 resource
2023-05-31 12:18:33,206 [Worker-31: Building] WARN  o.e.m.c.i.embedder.EclipseLogger - Using platform encoding (Cp1252 actually) to copy filtered resources, i.e. build is platform dependent!
2023-05-31 12:18:33,207 [Worker-31: Building] INFO  o.e.m.c.i.embedder.EclipseLogger - Copying 0 resource
2023-05-31 12:18:41,579 [main] INFO  o.e.m2e.actions.ExecutePomAction - Creating new launch configuration
2023-05-31 12:18:50,032 [Worker-30: Launching awslambda (3)] INFO  o.e.m.i.launch.MavenLaunchDelegate - Run build in "D:\Adv AWS\awslambda":
2023-05-31 12:18:50,033 [Worker-30: Launching awslambda (3)] INFO  o.e.m.i.launch.MavenLaunchDelegate -  mvn  -B -Dstyle.color=always package
2023-05-31 12:19:31,149 [Worker-31: Building] WARN  o.e.m.c.i.embedder.EclipseLogger - Using platform encoding (Cp1252 actually) to copy filtered resources, i.e. build is platform dependent!
2023-05-31 12:19:31,153 [Worker-31: Building] INFO  o.e.m.c.i.embedder.EclipseLogger - Copying 0 resource
2023-05-31 12:19:31,157 [Worker-31: Building] WARN  o.e.m.c.i.embedder.EclipseLogger - Using platform encoding (Cp1252 actually) to copy filtered resources, i.e. build is platform dependent!
2023-05-31 12:19:31,158 [Worker-31: Building] INFO  o.e.m.c.i.embedder.EclipseLogger - Copying 0 resource
2023-05-31 12:19:45,489 [Worker-30: Launching Executing install in D__Adv AWS_awslambda] INFO  o.e.m.i.launch.MavenLaunchDelegate - Run build in "D:\Adv AWS\awslambda":
2023-05-31 12:19:45,489 [Worker-30: Launching Executing install in D__Adv AWS_awslambda] INFO  o.e.m.i.launch.MavenLaunchDelegate -  mvn  -B -Dstyle.color=always install
2023-05-31 12:19:49,662 [Worker-28: Building] WARN  o.e.m.c.i.embedder.EclipseLogger - Using platform encoding (Cp1252 actually) to copy filtered resources, i.e. build is platform dependent!
2023-05-31 12:19:49,663 [Worker-28: Building] INFO  o.e.m.c.i.embedder.EclipseLogger - Copying 0 resource
2023-05-31 12:19:49,666 [Worker-28: Building] WARN  o.e.m.c.i.embedder.EclipseLogger - Using platform encoding (Cp1252 actually) to copy filtered resources, i.e. build is platform dependent!
2023-05-31 12:19:49,667 [Worker-28: Building] INFO  o.e.m.c.i.embedder.EclipseLogger - Copying 0 resource
2023-05-31 14:46:13,412 [Worker-33: Importing Maven projects] INFO  o.e.m.c.i.l.LifecycleMappingFactory - Using org.eclipse.m2e.jdt.JarLifecycleMapping lifecycle mapping for MavenProject: com.ust.rest:rest-app:0.0.1-SNAPSHOT @ D:\Module 3 ust\mvc\firsrestmysqljpa2\pom.xml.
2023-05-31 14:46:16,316 [Worker-33: Importing Maven projects] INFO  o.e.m.j.i.AbstractJavaProjectConfigurator - Adding source folder /rest-app/src/main/java
2023-05-31 14:46:16,317 [Worker-33: Importing Maven projects] INFO  o.e.m.j.i.AbstractJavaProjectConfigurator - Adding resource folder /rest-app/src/main/resources
2023-05-31 14:46:16,317 [Worker-33: Importing Maven projects] INFO  o.e.m.j.i.AbstractJavaProjectConfigurator - Adding resource folder /rest-app/src/main/resources
2023-05-31 14:46:16,318 [Worker-33: Importing Maven projects] INFO  o.e.m.j.i.AbstractJavaProjectConfigurator - Adding source folder /rest-app/src/test/java
2023-05-31 14:46:16,694 [Worker-33: Importing Maven projects] INFO  o.e.m.c.i.p.ProjectConfigurationManager - Imported and configured 1 project(s) in 4 sec
2023-05-31 14:49:17,339 [Worker-37: Building] WARN  o.e.m.c.i.embedder.EclipseLogger - Using platform encoding (Cp1252 actually) to copy filtered resources, i.e. build is platform dependent!
2023-05-31 14:49:17,340 [Worker-37: Building] INFO  o.e.m.c.i.embedder.EclipseLogger - Copying 0 resource
2023-05-31 14:49:17,343 [Worker-37: Building] WARN  o.e.m.c.i.embedder.EclipseLogger - Using platform encoding (Cp1252 actually) to copy filtered resources, i.e. build is platform dependent!
2023-05-31 14:49:17,344 [Worker-37: Building] INFO  o.e.m.c.i.embedder.EclipseLogger - Copying 0 resource
2023-05-31 15:26:04,533 [Worker-57: Building] INFO  o.e.m.c.i.l.LifecycleMappingFactory - Using org.eclipse.m2e.jdt.JarLifecycleMapping lifecycle mapping for MavenProject: com.ust.rest:rest-app:0.0.1-SNAPSHOT @ D:\Module 3 ust\mvc\firsrestmysqljpa2\pom.xml.
2023-05-31 15:26:06,071 [Worker-57: Building] INFO  o.e.m.c.i.embedder.EclipseLogger - Using 'UTF-8' encoding to copy filtered resources.
2023-05-31 15:26:06,072 [Worker-57: Building] INFO  o.e.m.c.i.embedder.EclipseLogger - Using 'UTF-8' encoding to copy filtered properties files.
2023-05-31 15:26:06,076 [Worker-57: Building] INFO  o.e.m.c.i.embedder.EclipseLogger - Copying 0 resource
2023-05-31 15:26:06,076 [Worker-57: Building] INFO  o.e.m.c.i.embedder.EclipseLogger - Copying 0 resource
2023-05-31 15:26:06,080 [Worker-57: Building] INFO  o.e.m.c.i.embedder.EclipseLogger - Using 'UTF-8' encoding to copy filtered resources.
2023-05-31 15:26:06,080 [Worker-57: Building] INFO  o.e.m.c.i.embedder.EclipseLogger - Using 'UTF-8' encoding to copy filtered properties files.
2023-05-31 15:26:06,081 [Worker-57: Building] INFO  o.e.m.c.i.embedder.EclipseLogger - skip non existing resourceDirectory D:\Module 3 ust\mvc\firsrestmysqljpa2\src\test\resources
2023-05-31 15:26:07,428 [Worker-53: Building] INFO  o.e.m.c.i.embedder.EclipseLogger - Using 'UTF-8' encoding to copy filtered resources.
2023-05-31 15:26:07,429 [Worker-53: Building] INFO  o.e.m.c.i.embedder.EclipseLogger - Using 'UTF-8' encoding to copy filtered properties files.
2023-05-31 15:26:07,429 [Worker-53: Building] INFO  o.e.m.c.i.embedder.EclipseLogger - Copying 4 resources
2023-05-31 15:26:07,460 [Worker-53: Building] INFO  o.e.m.c.i.embedder.EclipseLogger - Copying 0 resource
2023-05-31 15:26:07,469 [Worker-53: Building] INFO  o.e.m.c.i.embedder.EclipseLogger - Using 'UTF-8' encoding to copy filtered resources.
2023-05-31 15:26:07,469 [Worker-53: Building] INFO  o.e.m.c.i.embedder.EclipseLogger - Using 'UTF-8' encoding to copy filtered properties files.
2023-05-31 15:26:07,469 [Worker-53: Building] INFO  o.e.m.c.i.embedder.EclipseLogger - skip non existing resourceDirectory D:\Module 3 ust\mvc\firsrestmysqljpa2\src\test\resources
2023-05-31 15:31:06,422 [Worker-59: Building] INFO  o.e.m.c.i.l.LifecycleMappingFactory - Using org.eclipse.m2e.jdt.JarLifecycleMapping lifecycle mapping for MavenProject: com.ust.rest:rest-app:0.0.1-SNAPSHOT @ D:\Module 3 ust\mvc\firsrestmysqljpa2\pom.xml.
2023-05-31 15:31:07,349 [Worker-59: Building] INFO  o.e.m.c.i.embedder.EclipseLogger - Using 'UTF-8' encoding to copy filtered resources.
2023-05-31 15:31:07,349 [Worker-59: Building] INFO  o.e.m.c.i.embedder.EclipseLogger - Using 'UTF-8' encoding to copy filtered properties files.
2023-05-31 15:31:07,351 [Worker-59: Building] INFO  o.e.m.c.i.embedder.EclipseLogger - Copying 0 resource
2023-05-31 15:31:07,351 [Worker-59: Building] INFO  o.e.m.c.i.embedder.EclipseLogger - Copying 0 resource
2023-05-31 15:31:07,355 [Worker-59: Building] INFO  o.e.m.c.i.embedder.EclipseLogger - Using 'UTF-8' encoding to copy filtered resources.
2023-05-31 15:31:07,355 [Worker-59: Building] INFO  o.e.m.c.i.embedder.EclipseLogger - Using 'UTF-8' encoding to copy filtered properties files.
2023-05-31 15:31:07,355 [Worker-59: Building] INFO  o.e.m.c.i.embedder.EclipseLogger - skip non existing resourceDirectory D:\Module 3 ust\mvc\firsrestmysqljpa2\src\test\resources
2023-05-31 15:31:09,193 [Worker-61: Building] INFO  o.e.m.c.i.embedder.EclipseLogger - Using 'UTF-8' encoding to copy filtered resources.
2023-05-31 15:31:09,193 [Worker-61: Building] INFO  o.e.m.c.i.embedder.EclipseLogger - Using 'UTF-8' encoding to copy filtered properties files.
2023-05-31 15:31:09,194 [Worker-61: Building] INFO  o.e.m.c.i.embedder.EclipseLogger - Copying 4 resources
2023-05-31 15:31:09,216 [Worker-61: Building] INFO  o.e.m.c.i.embedder.EclipseLogger - Copying 0 resource
2023-05-31 15:31:09,219 [Worker-61: Building] INFO  o.e.m.c.i.embedder.EclipseLogger - Using 'UTF-8' encoding to copy filtered resources.
2023-05-31 15:31:09,219 [Worker-61: Building] INFO  o.e.m.c.i.embedder.EclipseLogger - Using 'UTF-8' encoding to copy filtered properties files.
2023-05-31 15:31:09,219 [Worker-61: Building] INFO  o.e.m.c.i.embedder.EclipseLogger - skip non existing resourceDirectory D:\Module 3 ust\mvc\firsrestmysqljpa2\src\test\resources
2023-05-31 15:38:14,411 [Worker-59: Building] INFO  o.e.m.c.i.embedder.EclipseLogger - Using 'UTF-8' encoding to copy filtered resources.
2023-05-31 15:38:14,411 [Worker-59: Building] INFO  o.e.m.c.i.embedder.EclipseLogger - Using 'UTF-8' encoding to copy filtered properties files.
2023-05-31 15:38:14,413 [Worker-59: Building] INFO  o.e.m.c.i.embedder.EclipseLogger - Copying 1 resource
2023-05-31 15:38:14,428 [Worker-59: Building] INFO  o.e.m.c.i.embedder.EclipseLogger - Copying 0 resource
2023-05-31 15:38:14,432 [Worker-59: Building] INFO  o.e.m.c.i.embedder.EclipseLogger - Using 'UTF-8' encoding to copy filtered resources.
2023-05-31 15:38:14,432 [Worker-59: Building] INFO  o.e.m.c.i.embedder.EclipseLogger - Using 'UTF-8' encoding to copy filtered properties files.
2023-05-31 15:38:14,432 [Worker-59: Building] INFO  o.e.m.c.i.embedder.EclipseLogger - skip non existing resourceDirectory D:\Module 3 ust\mvc\firsrestmysqljpa2\src\test\resources
2023-05-31 15:38:39,135 [Worker-59: Building] INFO  o.e.m.c.i.embedder.EclipseLogger - Using 'UTF-8' encoding to copy filtered resources.
2023-05-31 15:38:39,135 [Worker-59: Building] INFO  o.e.m.c.i.embedder.EclipseLogger - Using 'UTF-8' encoding to copy filtered properties files.
2023-05-31 15:38:39,136 [Worker-59: Building] INFO  o.e.m.c.i.embedder.EclipseLogger - Copying 1 resource
2023-05-31 15:38:39,145 [Worker-59: Building] INFO  o.e.m.c.i.embedder.EclipseLogger - Copying 0 resource
2023-05-31 15:38:39,149 [Worker-59: Building] INFO  o.e.m.c.i.embedder.EclipseLogger - Using 'UTF-8' encoding to copy filtered resources.
2023-05-31 15:38:39,149 [Worker-59: Building] INFO  o.e.m.c.i.embedder.EclipseLogger - Using 'UTF-8' encoding to copy filtered properties files.
2023-05-31 15:38:39,149 [Worker-59: Building] INFO  o.e.m.c.i.embedder.EclipseLogger - skip non existing resourceDirectory D:\Module 3 ust\mvc\firsrestmysqljpa2\src\test\resources
2023-05-31 15:38:53,469 [Worker-60: Building] INFO  o.e.m.c.i.embedder.EclipseLogger - Using 'UTF-8' encoding to copy filtered resources.
2023-05-31 15:38:53,469 [Worker-60: Building] INFO  o.e.m.c.i.embedder.EclipseLogger - Using 'UTF-8' encoding to copy filtered properties files.
2023-05-31 15:38:53,469 [Worker-60: Building] INFO  o.e.m.c.i.embedder.EclipseLogger - Copying 1 resource
2023-05-31 15:38:53,494 [Worker-60: Building] INFO  o.e.m.c.i.embedder.EclipseLogger - Copying 0 resource
2023-05-31 15:38:53,500 [Worker-60: Building] INFO  o.e.m.c.i.embedder.EclipseLogger - Using 'UTF-8' encoding to copy filtered resources.
2023-05-31 15:38:53,500 [Worker-60: Building] INFO  o.e.m.c.i.embedder.EclipseLogger - Using 'UTF-8' encoding to copy filtered properties files.
2023-05-31 15:38:53,500 [Worker-60: Building] INFO  o.e.m.c.i.embedder.EclipseLogger - skip non existing resourceDirectory D:\Module 3 ust\mvc\firsrestmysqljpa2\src\test\resources
2023-05-31 15:39:18,616 [Worker-60: Building] INFO  o.e.m.c.i.embedder.EclipseLogger - Using 'UTF-8' encoding to copy filtered resources.
2023-05-31 15:39:18,616 [Worker-60: Building] INFO  o.e.m.c.i.embedder.EclipseLogger - Using 'UTF-8' encoding to copy filtered properties files.
2023-05-31 15:39:18,616 [Worker-60: Building] INFO  o.e.m.c.i.embedder.EclipseLogger - Copying 1 resource
2023-05-31 15:39:18,628 [Worker-60: Building] INFO  o.e.m.c.i.embedder.EclipseLogger - Copying 0 resource
2023-05-31 15:39:18,633 [Worker-60: Building] INFO  o.e.m.c.i.embedder.EclipseLogger - Using 'UTF-8' encoding to copy filtered resources.
2023-05-31 15:39:18,633 [Worker-60: Building] INFO  o.e.m.c.i.embedder.EclipseLogger - Using 'UTF-8' encoding to copy filtered properties files.
2023-05-31 15:39:18,633 [Worker-60: Building] INFO  o.e.m.c.i.embedder.EclipseLogger - skip non existing resourceDirectory D:\Module 3 ust\mvc\firsrestmysqljpa2\src\test\resources
2023-05-31 15:53:06,566 [Worker-70: Building] INFO  o.e.m.c.i.embedder.EclipseLogger - Using 'UTF-8' encoding to copy filtered resources.
2023-05-31 15:53:06,566 [Worker-70: Building] INFO  o.e.m.c.i.embedder.EclipseLogger - Using 'UTF-8' encoding to copy filtered properties files.
2023-05-31 15:53:06,566 [Worker-70: Building] INFO  o.e.m.c.i.embedder.EclipseLogger - Copying 1 resource
2023-05-31 15:53:06,591 [Worker-70: Building] INFO  o.e.m.c.i.embedder.EclipseLogger - Copying 0 resource
2023-05-31 15:53:06,595 [Worker-70: Building] INFO  o.e.m.c.i.embedder.EclipseLogger - Using 'UTF-8' encoding to copy filtered resources.
2023-05-31 15:53:06,595 [Worker-70: Building] INFO  o.e.m.c.i.embedder.EclipseLogger - Using 'UTF-8' encoding to copy filtered properties files.
2023-05-31 15:53:06,595 [Worker-70: Building] INFO  o.e.m.c.i.embedder.EclipseLogger - skip non existing resourceDirectory D:\Module 3 ust\mvc\firsrestmysqljpa2\src\test\resources
2023-05-31 15:54:27,085 [Worker-70: Building] INFO  o.e.m.c.i.embedder.EclipseLogger - Using 'UTF-8' encoding to copy filtered resources.
2023-05-31 15:54:27,086 [Worker-70: Building] INFO  o.e.m.c.i.embedder.EclipseLogger - Using 'UTF-8' encoding to copy filtered properties files.
2023-05-31 15:54:27,086 [Worker-70: Building] INFO  o.e.m.c.i.embedder.EclipseLogger - Copying 1 resource
2023-05-31 15:54:27,097 [Worker-70: Building] INFO  o.e.m.c.i.embedder.EclipseLogger - Copying 0 resource
2023-05-31 15:54:27,102 [Worker-70: Building] INFO  o.e.m.c.i.embedder.EclipseLogger - Using 'UTF-8' encoding to copy filtered resources.
2023-05-31 15:54:27,102 [Worker-70: Building] INFO  o.e.m.c.i.embedder.EclipseLogger - Using 'UTF-8' encoding to copy filtered properties files.
2023-05-31 15:54:27,102 [Worker-70: Building] INFO  o.e.m.c.i.embedder.EclipseLogger - skip non existing resourceDirectory D:\Module 3 ust\mvc\firsrestmysqljpa2\src\test\resources
