2023-05-31 16:45:13,160 [Worker-2: Loading available Gradle versions] INFO  o.e.b.c.i.u.g.PublishedGradleVersions - Gradle version information cache is up-to-date. Trying to read.
2023-05-31 16:45:18,224 [Worker-3: Find accessor type] ERROR o.e.m.c.i.p.r.ProjectRegistryReader - Can't read workspace state
java.io.InvalidClassException: org.eclipse.m2e.core.internal.project.registry.VersionlessKey; local class incompatible: stream classdesc serialVersionUID = 0, local class serialVersionUID = 2125977578206347429
	at java.base/java.io.ObjectStreamClass.initNonProxy(ObjectStreamClass.java:722)
	at java.base/java.io.ObjectInputStream.readNonProxyDesc(ObjectInputStream.java:2022)
	at java.base/java.io.ObjectInputStream.readClassDesc(ObjectInputStream.java:1872)
	at java.base/java.io.ObjectInputStream.readOrdinaryObject(ObjectInputStream.java:2179)
	at java.base/java.io.ObjectInputStream.readObject0(ObjectInputStream.java:1689)
	at java.base/java.io.ObjectInputStream$FieldValues.<init>(ObjectInputStream.java:2554)
	at java.base/java.io.ObjectInputStream.readSerialData(ObjectInputStream.java:2412)
	at java.base/java.io.ObjectInputStream.readOrdinaryObject(ObjectInputStream.java:2212)
	at java.base/java.io.ObjectInputStream.readObject0(ObjectInputStream.java:1689)
	at java.base/java.io.ObjectInputStream.readObject(ObjectInputStream.java:495)
	at java.base/java.io.ObjectInputStream.readObject(ObjectInputStream.java:453)
	at java.base/java.util.HashSet.readObject(HashSet.java:344)
	at java.base/jdk.internal.reflect.NativeMethodAccessorImpl.invoke0(Native Method)
	at java.base/jdk.internal.reflect.NativeMethodAccessorImpl.invoke(NativeMethodAccessorImpl.java:78)
	at java.base/jdk.internal.reflect.DelegatingMethodAccessorImpl.invoke(DelegatingMethodAccessorImpl.java:43)
	at java.base/java.lang.reflect.Method.invoke(Method.java:567)
	at java.base/java.io.ObjectStreamClass.invokeReadObject(ObjectStreamClass.java:1224)
	at java.base/java.io.ObjectInputStream.readSerialData(ObjectInputStream.java:2378)
	at java.base/java.io.ObjectInputStream.readOrdinaryObject(ObjectInputStream.java:2212)
	at java.base/java.io.ObjectInputStream.readObject0(ObjectInputStream.java:1689)
	at java.base/java.io.ObjectInputStream.readObject(ObjectInputStream.java:495)
	at java.base/java.io.ObjectInputStream.readObject(ObjectInputStream.java:453)
	at java.base/java.util.HashMap.readObject(HashMap.java:1551)
	at java.base/jdk.internal.reflect.NativeMethodAccessorImpl.invoke0(Native Method)
	at java.base/jdk.internal.reflect.NativeMethodAccessorImpl.invoke(NativeMethodAccessorImpl.java:78)
	at java.base/jdk.internal.reflect.DelegatingMethodAccessorImpl.invoke(DelegatingMethodAccessorImpl.java:43)
	at java.base/java.lang.reflect.Method.invoke(Method.java:567)
	at java.base/java.io.ObjectStreamClass.invokeReadObject(ObjectStreamClass.java:1224)
	at java.base/java.io.ObjectInputStream.readSerialData(ObjectInputStream.java:2378)
	at java.base/java.io.ObjectInputStream.readOrdinaryObject(ObjectInputStream.java:2212)
	at java.base/java.io.ObjectInputStream.readObject0(ObjectInputStream.java:1689)
	at java.base/java.io.ObjectInputStream$FieldValues.<init>(ObjectInputStream.java:2554)
	at java.base/java.io.ObjectInputStream.readSerialData(ObjectInputStream.java:2412)
	at java.base/java.io.ObjectInputStream.readOrdinaryObject(ObjectInputStream.java:2212)
	at java.base/java.io.ObjectInputStream.readObject0(ObjectInputStream.java:1689)
	at java.base/java.io.ObjectInputStream.readObject(ObjectInputStream.java:495)
	at java.base/java.io.ObjectInputStream.readObject(ObjectInputStream.java:453)
	at org.eclipse.m2e.core.internal.project.registry.ProjectRegistryReader.readWorkspaceState(ProjectRegistryReader.java:103)
	at org.eclipse.m2e.core.internal.project.registry.ProjectRegistryManager.<init>(ProjectRegistryManager.java:182)
	at org.eclipse.m2e.core.internal.MavenPluginActivator.start(MavenPluginActivator.java:221)
	at org.eclipse.osgi.internal.framework.BundleContextImpl.lambda$2(BundleContextImpl.java:808)
	at java.base/java.security.AccessController.doPrivileged(AccessController.java:554)
	at org.eclipse.osgi.internal.framework.BundleContextImpl.startActivator(BundleContextImpl.java:802)
	at org.eclipse.osgi.internal.framework.BundleContextImpl.start(BundleContextImpl.java:759)
	at org.eclipse.osgi.internal.framework.EquinoxBundle.startWorker0(EquinoxBundle.java:1019)
	at org.eclipse.osgi.internal.framework.EquinoxBundle$EquinoxModule.startWorker(EquinoxBundle.java:365)
	at org.eclipse.osgi.container.Module.doStart(Module.java:605)
	at org.eclipse.osgi.container.Module.start(Module.java:468)
	at org.eclipse.osgi.framework.util.SecureAction.start(SecureAction.java:404)
	at org.eclipse.osgi.internal.hooks.EclipseLazyStarter.postFindLocalClass(EclipseLazyStarter.java:117)
	at org.eclipse.osgi.internal.loader.classpath.ClasspathManager.findLocalClass(ClasspathManager.java:572)
	at org.eclipse.osgi.internal.loader.ModuleClassLoader.findLocalClass(ModuleClassLoader.java:345)
	at org.eclipse.osgi.internal.loader.BundleLoader.findLocalClass(BundleLoader.java:388)
	at org.eclipse.osgi.internal.loader.sources.SingleSourcePackage.loadClass(SingleSourcePackage.java:41)
	at org.eclipse.osgi.internal.loader.BundleLoader.findClass(BundleLoader.java:463)
	at org.eclipse.osgi.internal.loader.ModuleClassLoader.loadClass(ModuleClassLoader.java:170)
	at java.base/java.lang.ClassLoader.loadClass(ClassLoader.java:519)
	at java.base/java.lang.Class.getDeclaredConstructors0(Native Method)
	at java.base/java.lang.Class.privateGetDeclaredConstructors(Class.java:3305)
	at java.base/java.lang.Class.getConstructor0(Class.java:3510)
	at java.base/java.lang.Class.getConstructor(Class.java:2238)
	at org.eclipse.osgi.internal.framework.BundleContextImpl.loadBundleActivator(BundleContextImpl.java:793)
	at org.eclipse.osgi.internal.framework.BundleContextImpl.start(BundleContextImpl.java:745)
	at org.eclipse.osgi.internal.framework.EquinoxBundle.startWorker0(EquinoxBundle.java:1019)
	at org.eclipse.osgi.internal.framework.EquinoxBundle$EquinoxModule.startWorker(EquinoxBundle.java:365)
	at org.eclipse.osgi.container.Module.doStart(Module.java:605)
	at org.eclipse.osgi.container.Module.start(Module.java:468)
	at org.eclipse.osgi.framework.util.SecureAction.start(SecureAction.java:404)
	at org.eclipse.osgi.internal.hooks.EclipseLazyStarter.postFindLocalClass(EclipseLazyStarter.java:117)
	at org.eclipse.osgi.internal.loader.classpath.ClasspathManager.findLocalClass(ClasspathManager.java:572)
	at org.eclipse.osgi.internal.loader.ModuleClassLoader.findLocalClass(ModuleClassLoader.java:345)
	at org.eclipse.osgi.internal.loader.BundleLoader.findLocalClass(BundleLoader.java:388)
	at org.eclipse.osgi.internal.loader.BundleLoader.findClass(BundleLoader.java:467)
	at org.eclipse.osgi.internal.loader.ModuleClassLoader.loadClass(ModuleClassLoader.java:170)
	at java.base/java.lang.ClassLoader.loadClass(ClassLoader.java:519)
	at org.eclipse.osgi.internal.framework.EquinoxBundle.loadClass(EquinoxBundle.java:616)
	at org.eclipse.core.internal.registry.osgi.RegistryStrategyOSGI.createExecutableExtension(RegistryStrategyOSGI.java:196)
	at org.eclipse.core.internal.registry.ExtensionRegistry.createExecutableExtension(ExtensionRegistry.java:920)
	at org.eclipse.core.internal.registry.ConfigurationElement.createExecutableExtension(ConfigurationElement.java:246)
	at org.eclipse.core.internal.registry.ConfigurationElementHandle.createExecutableExtension(ConfigurationElementHandle.java:63)
	at org.eclipse.jdt.core.JavaCore.computeClasspathContainerInitializer(JavaCore.java:3824)
	at org.eclipse.jdt.core.JavaCore.getClasspathContainerInitializer(JavaCore.java:3800)
	at org.eclipse.jdt.internal.core.JavaModelManager.initializeContainer(JavaModelManager.java:3125)
	at org.eclipse.jdt.internal.core.JavaModelManager.getClasspathContainer(JavaModelManager.java:2092)
	at org.eclipse.jdt.internal.core.ClasspathEntry.validateClasspathEntry(ClasspathEntry.java:2223)
	at org.eclipse.jdt.internal.core.ClasspathEntry.validateClasspathEntry(ClasspathEntry.java:2174)
	at org.eclipse.jdt.internal.core.ClasspathValidation.validate(ClasspathValidation.java:75)
	at org.eclipse.jdt.internal.core.ChangeClasspathOperation.classpathChanged(ChangeClasspathOperation.java:55)
	at org.eclipse.jdt.internal.core.SetContainerOperation.executeOperation(SetContainerOperation.java:117)
	at org.eclipse.jdt.internal.core.JavaModelOperation.run(JavaModelOperation.java:740)
	at org.eclipse.core.internal.resources.Workspace.run(Workspace.java:2313)
	at org.eclipse.core.internal.resources.Workspace.run(Workspace.java:2338)
	at org.eclipse.jdt.internal.core.JavaModelOperation.runOperation(JavaModelOperation.java:811)
	at org.eclipse.jdt.internal.core.JavaModelManager.getClasspathContainer(JavaModelManager.java:2095)
	at org.eclipse.jdt.core.JavaCore.getClasspathContainer(JavaCore.java:3777)
	at org.eclipse.jdt.internal.core.JavaProject.resolveClasspath(JavaProject.java:3243)
	at org.eclipse.jdt.internal.core.JavaProject.resolveClasspath(JavaProject.java:3407)
	at org.eclipse.jdt.internal.core.JavaProject.getResolvedClasspath(JavaProject.java:2491)
	at org.eclipse.jdt.internal.core.JavaModelManager.determineIfOnClasspath(JavaModelManager.java:1151)
	at org.eclipse.jdt.internal.core.JavaModelManager.create(JavaModelManager.java:1034)
	at org.eclipse.jdt.internal.core.JavaModelManager.create(JavaModelManager.java:975)
	at org.eclipse.jdt.core.JavaCore.create(JavaCore.java:3656)
	at org.eclipse.jdt.internal.ui.propertiesfileeditor.PropertiesFileEditor.findAccessorType(PropertiesFileEditor.java:318)
	at org.eclipse.jdt.internal.ui.propertiesfileeditor.PropertiesFileEditor$1.run(PropertiesFileEditor.java:133)
	at org.eclipse.core.internal.jobs.Worker.run(Worker.java:63)
2023-05-31 16:45:32,732 [Worker-7: Updating Maven Dependencies] INFO  o.e.m.c.i.l.LifecycleMappingFactory - Using org.eclipse.m2e.jdt.JarLifecycleMapping lifecycle mapping for MavenProject: com.ust.rest:rest-app:0.0.1-SNAPSHOT @ D:\Module 3 ust\mvc\firsrestmysqljpa2\pom.xml.
2023-05-31 16:45:44,288 [Worker-4: Building] INFO  o.e.m.c.i.l.LifecycleMappingFactory - Using org.eclipse.m2e.jdt.JarLifecycleMapping lifecycle mapping for MavenProject: com.awslambda:awslambda:0.0.1-SNAPSHOT @ D:\Adv AWS\awslambda\pom.xml.
2023-05-31 16:45:44,288 [Worker-7: Updating Maven Dependencies] INFO  o.e.m.c.i.l.LifecycleMappingFactory - Using org.eclipse.m2e.jdt.JarLifecycleMapping lifecycle mapping for MavenProject: com.awslambda:awslambda:0.0.1-SNAPSHOT @ D:\Adv AWS\awslambda\pom.xml.
2023-05-31 16:45:45,978 [Worker-4: Building] WARN  o.e.m.c.i.embedder.EclipseLogger - Using platform encoding (Cp1252 actually) to copy filtered resources, i.e. build is platform dependent!
2023-05-31 16:45:45,983 [Worker-4: Building] INFO  o.e.m.c.i.embedder.EclipseLogger - Copying 0 resource
2023-05-31 16:45:45,986 [Worker-4: Building] WARN  o.e.m.c.i.embedder.EclipseLogger - Using platform encoding (Cp1252 actually) to copy filtered resources, i.e. build is platform dependent!
2023-05-31 16:45:45,987 [Worker-4: Building] INFO  o.e.m.c.i.embedder.EclipseLogger - Copying 0 resource
2023-05-31 16:45:47,150 [Worker-5: Building] INFO  o.e.m.c.i.l.LifecycleMappingFactory - Using org.eclipse.m2e.jdt.JarLifecycleMapping lifecycle mapping for MavenProject: com.ust.rest:rest-app:0.0.1-SNAPSHOT @ D:\Module 3 ust\mvc\firsrestmysqljpa2\pom.xml.
2023-05-31 16:45:53,127 [Worker-5: Building] INFO  o.e.m.c.i.embedder.EclipseLogger - Using 'UTF-8' encoding to copy filtered resources.
2023-05-31 16:45:53,129 [Worker-5: Building] INFO  o.e.m.c.i.embedder.EclipseLogger - Using 'UTF-8' encoding to copy filtered properties files.
2023-05-31 16:45:53,133 [Worker-5: Building] INFO  o.e.m.c.i.embedder.EclipseLogger - Copying 4 resources
2023-05-31 16:45:53,165 [Worker-5: Building] INFO  o.e.m.c.i.embedder.EclipseLogger - Copying 0 resource
2023-05-31 16:45:53,168 [Worker-5: Building] INFO  o.e.m.c.i.embedder.EclipseLogger - Using 'UTF-8' encoding to copy filtered resources.
2023-05-31 16:45:53,168 [Worker-5: Building] INFO  o.e.m.c.i.embedder.EclipseLogger - Using 'UTF-8' encoding to copy filtered properties files.
2023-05-31 16:45:53,169 [Worker-5: Building] INFO  o.e.m.c.i.embedder.EclipseLogger - skip non existing resourceDirectory D:\Module 3 ust\mvc\firsrestmysqljpa2\src\test\resources
2023-05-31 16:45:53,926 [Worker-6: Updating Maven Dependencies] INFO  o.e.m.c.i.l.LifecycleMappingFactory - Using org.eclipse.m2e.jdt.JarLifecycleMapping lifecycle mapping for MavenProject: com.ust.rest:rest-app:0.0.1-SNAPSHOT @ D:\Module 3 ust\mvc\firsrestmysqljpa2\pom.xml.
2023-05-31 16:45:54,385 [Worker-6: Updating Maven Dependencies] INFO  o.e.m.c.i.l.LifecycleMappingFactory - Using org.eclipse.m2e.jdt.JarLifecycleMapping lifecycle mapping for MavenProject: com.awslambda:awslambda:0.0.1-SNAPSHOT @ D:\Adv AWS\awslambda\pom.xml.
2023-05-31 16:45:55,036 [Worker-7: Building] WARN  o.e.m.c.i.embedder.EclipseLogger - Using platform encoding (Cp1252 actually) to copy filtered resources, i.e. build is platform dependent!
2023-05-31 16:45:55,039 [Worker-7: Building] INFO  o.e.m.c.i.embedder.EclipseLogger - Copying 0 resource
2023-05-31 16:45:55,042 [Worker-7: Building] WARN  o.e.m.c.i.embedder.EclipseLogger - Using platform encoding (Cp1252 actually) to copy filtered resources, i.e. build is platform dependent!
2023-05-31 16:45:55,044 [Worker-7: Building] INFO  o.e.m.c.i.embedder.EclipseLogger - Copying 0 resource
2023-05-31 16:45:55,393 [Worker-7: Building] INFO  o.e.m.c.i.embedder.EclipseLogger - Using 'UTF-8' encoding to copy filtered resources.
2023-05-31 16:45:55,393 [Worker-7: Building] INFO  o.e.m.c.i.embedder.EclipseLogger - Using 'UTF-8' encoding to copy filtered properties files.
2023-05-31 16:45:55,394 [Worker-7: Building] INFO  o.e.m.c.i.embedder.EclipseLogger - Copying 0 resource
2023-05-31 16:45:55,396 [Worker-7: Building] INFO  o.e.m.c.i.embedder.EclipseLogger - Copying 0 resource
2023-05-31 16:45:55,398 [Worker-7: Building] INFO  o.e.m.c.i.embedder.EclipseLogger - Using 'UTF-8' encoding to copy filtered resources.
2023-05-31 16:45:55,398 [Worker-7: Building] INFO  o.e.m.c.i.embedder.EclipseLogger - Using 'UTF-8' encoding to copy filtered properties files.
2023-05-31 16:45:55,398 [Worker-7: Building] INFO  o.e.m.c.i.embedder.EclipseLogger - skip non existing resourceDirectory D:\Module 3 ust\mvc\firsrestmysqljpa2\src\test\resources
2023-05-31 16:47:22,280 [Worker-2: Loading available Gradle versions] INFO  o.e.b.c.i.u.g.PublishedGradleVersions - Gradle version information cache is up-to-date. Trying to read.
2023-05-31 16:49:08,358 [Worker-2: Loading available Gradle versions] INFO  o.e.b.c.i.u.g.PublishedGradleVersions - Gradle version information cache is up-to-date. Trying to read.
2023-05-31 16:51:58,519 [Worker-12: Building] WARN  o.e.m.c.i.embedder.EclipseLogger - Using platform encoding (Cp1252 actually) to copy filtered resources, i.e. build is platform dependent!
2023-05-31 16:51:58,529 [Worker-12: Building] INFO  o.e.m.c.i.embedder.EclipseLogger - Copying 0 resource
2023-05-31 16:51:58,534 [Worker-12: Building] WARN  o.e.m.c.i.embedder.EclipseLogger - Using platform encoding (Cp1252 actually) to copy filtered resources, i.e. build is platform dependent!
2023-05-31 16:51:58,535 [Worker-12: Building] INFO  o.e.m.c.i.embedder.EclipseLogger - Copying 0 resource
2023-05-31 16:52:00,305 [Worker-6: Building] INFO  o.e.m.c.i.l.LifecycleMappingFactory - Using org.eclipse.m2e.jdt.JarLifecycleMapping lifecycle mapping for MavenProject: com.ust.rest:rest-app:0.0.1-SNAPSHOT @ D:\Adv AWS\firstrestmysqljpa\pom.xml.
2023-05-31 16:52:02,215 [Worker-6: Building] INFO  o.e.m.c.i.embedder.EclipseLogger - Using 'UTF-8' encoding to copy filtered resources.
2023-05-31 16:52:02,215 [Worker-6: Building] INFO  o.e.m.c.i.embedder.EclipseLogger - Using 'UTF-8' encoding to copy filtered properties files.
2023-05-31 16:52:02,216 [Worker-6: Building] INFO  o.e.m.c.i.embedder.EclipseLogger - Copying 4 resources
2023-05-31 16:52:02,239 [Worker-6: Building] INFO  o.e.m.c.i.embedder.EclipseLogger - Copying 0 resource
2023-05-31 16:52:02,246 [Worker-6: Building] INFO  o.e.m.c.i.embedder.EclipseLogger - Using 'UTF-8' encoding to copy filtered resources.
2023-05-31 16:52:02,246 [Worker-6: Building] INFO  o.e.m.c.i.embedder.EclipseLogger - Using 'UTF-8' encoding to copy filtered properties files.
2023-05-31 16:52:02,246 [Worker-6: Building] INFO  o.e.m.c.i.embedder.EclipseLogger - skip non existing resourceDirectory D:\Adv AWS\firstrestmysqljpa\src\test\resources
2023-05-31 16:52:03,771 [Worker-13: Building] INFO  o.e.m.c.i.embedder.EclipseLogger - Using 'UTF-8' encoding to copy filtered resources.
2023-05-31 16:52:03,771 [Worker-13: Building] INFO  o.e.m.c.i.embedder.EclipseLogger - Using 'UTF-8' encoding to copy filtered properties files.
2023-05-31 16:52:03,776 [Worker-13: Building] INFO  o.e.m.c.i.embedder.EclipseLogger - Copying 4 resources
2023-05-31 16:52:03,781 [Worker-13: Building] INFO  o.e.m.c.i.embedder.EclipseLogger - Copying 0 resource
2023-05-31 16:52:03,783 [Worker-13: Building] INFO  o.e.m.c.i.embedder.EclipseLogger - Using 'UTF-8' encoding to copy filtered resources.
2023-05-31 16:52:03,783 [Worker-13: Building] INFO  o.e.m.c.i.embedder.EclipseLogger - Using 'UTF-8' encoding to copy filtered properties files.
2023-05-31 16:52:03,783 [Worker-13: Building] INFO  o.e.m.c.i.embedder.EclipseLogger - skip non existing resourceDirectory D:\Adv AWS\firstrestmysqljpa\src\test\resources
2023-05-31 16:52:04,508 [Worker-6: Building] INFO  o.e.m.c.i.embedder.EclipseLogger - Using 'UTF-8' encoding to copy filtered resources.
2023-05-31 16:52:04,508 [Worker-6: Building] INFO  o.e.m.c.i.embedder.EclipseLogger - Using 'UTF-8' encoding to copy filtered properties files.
2023-05-31 16:52:04,508 [Worker-6: Building] INFO  o.e.m.c.i.embedder.EclipseLogger - Copying 4 resources
2023-05-31 16:52:04,514 [Worker-6: Building] INFO  o.e.m.c.i.embedder.EclipseLogger - Copying 0 resource
2023-05-31 16:52:04,516 [Worker-6: Building] INFO  o.e.m.c.i.embedder.EclipseLogger - Using 'UTF-8' encoding to copy filtered resources.
2023-05-31 16:52:04,516 [Worker-6: Building] INFO  o.e.m.c.i.embedder.EclipseLogger - Using 'UTF-8' encoding to copy filtered properties files.
2023-05-31 16:52:04,517 [Worker-6: Building] INFO  o.e.m.c.i.embedder.EclipseLogger - skip non existing resourceDirectory D:\Module 3 ust\mvc\firsrestmysqljpa2\src\test\resources
2023-05-31 16:53:00,161 [Worker-13: Building] INFO  o.e.m.c.i.embedder.EclipseLogger - Using 'UTF-8' encoding to copy filtered resources.
2023-05-31 16:53:00,161 [Worker-13: Building] INFO  o.e.m.c.i.embedder.EclipseLogger - Using 'UTF-8' encoding to copy filtered properties files.
2023-05-31 16:53:00,164 [Worker-13: Building] INFO  o.e.m.c.i.embedder.EclipseLogger - Copying 2 resources
2023-05-31 16:53:00,209 [Worker-13: Building] INFO  o.e.m.c.i.embedder.EclipseLogger - Copying 0 resource
2023-05-31 16:53:00,213 [Worker-13: Building] INFO  o.e.m.c.i.embedder.EclipseLogger - Using 'UTF-8' encoding to copy filtered resources.
2023-05-31 16:53:00,213 [Worker-13: Building] INFO  o.e.m.c.i.embedder.EclipseLogger - Using 'UTF-8' encoding to copy filtered properties files.
2023-05-31 16:53:00,213 [Worker-13: Building] INFO  o.e.m.c.i.embedder.EclipseLogger - skip non existing resourceDirectory D:\Module 3 ust\mvc\firsrestmysqljpa2\src\test\resources
2023-05-31 16:53:28,062 [Worker-12: Building] INFO  o.e.m.c.i.embedder.EclipseLogger - Using 'UTF-8' encoding to copy filtered resources.
2023-05-31 16:53:28,063 [Worker-12: Building] INFO  o.e.m.c.i.embedder.EclipseLogger - Using 'UTF-8' encoding to copy filtered properties files.
2023-05-31 16:53:28,063 [Worker-12: Building] INFO  o.e.m.c.i.embedder.EclipseLogger - Copying 0 resource
2023-05-31 16:53:28,065 [Worker-12: Building] INFO  o.e.m.c.i.embedder.EclipseLogger - Copying 0 resource
2023-05-31 16:53:28,072 [Worker-12: Building] INFO  o.e.m.c.i.embedder.EclipseLogger - Using 'UTF-8' encoding to copy filtered resources.
2023-05-31 16:53:28,072 [Worker-12: Building] INFO  o.e.m.c.i.embedder.EclipseLogger - Using 'UTF-8' encoding to copy filtered properties files.
2023-05-31 16:53:28,072 [Worker-12: Building] INFO  o.e.m.c.i.embedder.EclipseLogger - skip non existing resourceDirectory D:\Module 3 ust\mvc\firsrestmysqljpa2\src\test\resources
2023-05-31 16:53:40,138 [Worker-5: Building] INFO  o.e.m.c.i.embedder.EclipseLogger - Using 'UTF-8' encoding to copy filtered resources.
2023-05-31 16:53:40,138 [Worker-5: Building] INFO  o.e.m.c.i.embedder.EclipseLogger - Using 'UTF-8' encoding to copy filtered properties files.
2023-05-31 16:53:40,139 [Worker-5: Building] INFO  o.e.m.c.i.embedder.EclipseLogger - Copying 0 resource
2023-05-31 16:53:40,140 [Worker-5: Building] INFO  o.e.m.c.i.embedder.EclipseLogger - Copying 0 resource
2023-05-31 16:53:40,142 [Worker-5: Building] INFO  o.e.m.c.i.embedder.EclipseLogger - Using 'UTF-8' encoding to copy filtered resources.
2023-05-31 16:53:40,142 [Worker-5: Building] INFO  o.e.m.c.i.embedder.EclipseLogger - Using 'UTF-8' encoding to copy filtered properties files.
2023-05-31 16:53:40,142 [Worker-5: Building] INFO  o.e.m.c.i.embedder.EclipseLogger - skip non existing resourceDirectory D:\Module 3 ust\mvc\firsrestmysqljpa2\src\test\resources
2023-05-31 16:53:44,795 [Worker-13: Building] INFO  o.e.m.c.i.embedder.EclipseLogger - Using 'UTF-8' encoding to copy filtered resources.
2023-05-31 16:53:44,795 [Worker-13: Building] INFO  o.e.m.c.i.embedder.EclipseLogger - Using 'UTF-8' encoding to copy filtered properties files.
2023-05-31 16:53:44,795 [Worker-13: Building] INFO  o.e.m.c.i.embedder.EclipseLogger - Copying 0 resource
2023-05-31 16:53:44,796 [Worker-13: Building] INFO  o.e.m.c.i.embedder.EclipseLogger - Copying 0 resource
2023-05-31 16:53:44,800 [Worker-13: Building] INFO  o.e.m.c.i.embedder.EclipseLogger - Using 'UTF-8' encoding to copy filtered resources.
2023-05-31 16:53:44,800 [Worker-13: Building] INFO  o.e.m.c.i.embedder.EclipseLogger - Using 'UTF-8' encoding to copy filtered properties files.
2023-05-31 16:53:44,800 [Worker-13: Building] INFO  o.e.m.c.i.embedder.EclipseLogger - skip non existing resourceDirectory D:\Module 3 ust\mvc\firsrestmysqljpa2\src\test\resources
2023-05-31 16:54:35,334 [Worker-5: Updating Maven Dependencies] ERROR o.e.m.j.i.l.MavenLaunchConfigurationListener - Launch configuration SpringApplication references closed project rest-app
org.eclipse.core.runtime.CoreException: Launch configuration SpringApplication references closed project rest-app
	at org.eclipse.jdt.launching.JavaRuntime.abort(JavaRuntime.java:1861)
	at org.eclipse.jdt.launching.JavaRuntime.getJavaProject(JavaRuntime.java:1733)
	at org.eclipse.m2e.jdt.internal.launch.MavenLaunchConfigurationListener.updateLaunchConfiguration(MavenLaunchConfigurationListener.java:59)
	at org.eclipse.m2e.jdt.internal.launch.MavenLaunchConfigurationListener.launchConfigurationChanged(MavenLaunchConfigurationListener.java:46)
	at org.eclipse.debug.internal.core.LaunchManager$ConfigurationNotifier.run(LaunchManager.java:225)
	at org.eclipse.core.runtime.SafeRunner.run(SafeRunner.java:45)
	at org.eclipse.debug.internal.core.LaunchManager$ConfigurationNotifier.notify(LaunchManager.java:209)
	at org.eclipse.debug.internal.core.LaunchConfigurationWorkingCopy.setDirty(LaunchConfigurationWorkingCopy.java:523)
	at org.eclipse.debug.internal.core.LaunchConfigurationWorkingCopy.setAttribute(LaunchConfigurationWorkingCopy.java:411)
	at org.eclipse.m2e.jdt.internal.launch.MavenRuntimeClasspathProvider.disable(MavenRuntimeClasspathProvider.java:400)
	at org.eclipse.m2e.jdt.internal.launch.MavenRuntimeClasspathProvider.disable(MavenRuntimeClasspathProvider.java:426)
	at org.eclipse.m2e.jdt.internal.launch.MavenLaunchConfigurationListener.mavenProjectChanged(MavenLaunchConfigurationListener.java:130)
	at org.eclipse.m2e.core.internal.project.registry.ProjectRegistryManager.notifyProjectChangeListeners(ProjectRegistryManager.java:824)
	at org.eclipse.m2e.core.internal.project.registry.ProjectRegistryManager.applyMutableProjectRegistry(ProjectRegistryManager.java:991)
	at org.eclipse.m2e.core.internal.project.registry.ProjectRegistryRefreshJob.lambda$0(ProjectRegistryRefreshJob.java:149)
	at org.eclipse.m2e.core.internal.embedder.MavenExecutionContext.executeBare(MavenExecutionContext.java:179)
	at org.eclipse.m2e.core.internal.embedder.MavenExecutionContext.execute(MavenExecutionContext.java:153)
	at org.eclipse.m2e.core.internal.embedder.MavenExecutionContext.execute(MavenExecutionContext.java:101)
	at org.eclipse.m2e.core.internal.embedder.MavenImpl.execute(MavenImpl.java:1374)
	at org.eclipse.m2e.core.internal.project.registry.ProjectRegistryRefreshJob.run(ProjectRegistryRefreshJob.java:84)
	at org.eclipse.core.internal.jobs.Worker.run(Worker.java:63)
2023-05-31 16:54:35,336 [Worker-5: Updating Maven Dependencies] ERROR o.e.m.j.i.l.MavenLaunchConfigurationListener - Launch configuration SpringApplication references closed project rest-app
org.eclipse.core.runtime.CoreException: Launch configuration SpringApplication references closed project rest-app
	at org.eclipse.jdt.launching.JavaRuntime.abort(JavaRuntime.java:1861)
	at org.eclipse.jdt.launching.JavaRuntime.getJavaProject(JavaRuntime.java:1733)
	at org.eclipse.m2e.jdt.internal.launch.MavenLaunchConfigurationListener.updateLaunchConfiguration(MavenLaunchConfigurationListener.java:59)
	at org.eclipse.m2e.jdt.internal.launch.MavenLaunchConfigurationListener.launchConfigurationChanged(MavenLaunchConfigurationListener.java:46)
	at org.eclipse.debug.internal.core.LaunchManager$ConfigurationNotifier.run(LaunchManager.java:225)
	at org.eclipse.core.runtime.SafeRunner.run(SafeRunner.java:45)
	at org.eclipse.debug.internal.core.LaunchManager$ConfigurationNotifier.notify(LaunchManager.java:209)
	at org.eclipse.debug.internal.core.LaunchConfigurationWorkingCopy.setDirty(LaunchConfigurationWorkingCopy.java:523)
	at org.eclipse.debug.internal.core.LaunchConfigurationWorkingCopy.setAttribute(LaunchConfigurationWorkingCopy.java:411)
	at org.eclipse.m2e.jdt.internal.launch.MavenRuntimeClasspathProvider.disable(MavenRuntimeClasspathProvider.java:401)
	at org.eclipse.m2e.jdt.internal.launch.MavenRuntimeClasspathProvider.disable(MavenRuntimeClasspathProvider.java:426)
	at org.eclipse.m2e.jdt.internal.launch.MavenLaunchConfigurationListener.mavenProjectChanged(MavenLaunchConfigurationListener.java:130)
	at org.eclipse.m2e.core.internal.project.registry.ProjectRegistryManager.notifyProjectChangeListeners(ProjectRegistryManager.java:824)
	at org.eclipse.m2e.core.internal.project.registry.ProjectRegistryManager.applyMutableProjectRegistry(ProjectRegistryManager.java:991)
	at org.eclipse.m2e.core.internal.project.registry.ProjectRegistryRefreshJob.lambda$0(ProjectRegistryRefreshJob.java:149)
	at org.eclipse.m2e.core.internal.embedder.MavenExecutionContext.executeBare(MavenExecutionContext.java:179)
	at org.eclipse.m2e.core.internal.embedder.MavenExecutionContext.execute(MavenExecutionContext.java:153)
	at org.eclipse.m2e.core.internal.embedder.MavenExecutionContext.execute(MavenExecutionContext.java:101)
	at org.eclipse.m2e.core.internal.embedder.MavenImpl.execute(MavenImpl.java:1374)
	at org.eclipse.m2e.core.internal.project.registry.ProjectRegistryRefreshJob.run(ProjectRegistryRefreshJob.java:84)
	at org.eclipse.core.internal.jobs.Worker.run(Worker.java:63)
2023-05-31 16:54:35,349 [Worker-5: Updating Maven Dependencies] ERROR o.e.m.j.i.l.MavenLaunchConfigurationListener - Launch configuration SpringApplication references closed project rest-app
org.eclipse.core.runtime.CoreException: Launch configuration SpringApplication references closed project rest-app
	at org.eclipse.jdt.launching.JavaRuntime.abort(JavaRuntime.java:1861)
	at org.eclipse.jdt.launching.JavaRuntime.getJavaProject(JavaRuntime.java:1733)
	at org.eclipse.m2e.jdt.internal.launch.MavenLaunchConfigurationListener.updateLaunchConfiguration(MavenLaunchConfigurationListener.java:59)
	at org.eclipse.m2e.jdt.internal.launch.MavenLaunchConfigurationListener.launchConfigurationChanged(MavenLaunchConfigurationListener.java:46)
	at org.eclipse.debug.internal.core.LaunchManager$ConfigurationNotifier.run(LaunchManager.java:225)
	at org.eclipse.core.runtime.SafeRunner.run(SafeRunner.java:45)
	at org.eclipse.debug.internal.core.LaunchManager$ConfigurationNotifier.notify(LaunchManager.java:209)
	at org.eclipse.debug.internal.core.LaunchManager.launchConfigurationChanged(LaunchManager.java:2128)
	at org.eclipse.debug.internal.core.LaunchConfigurationWorkingCopy.writeNewFile(LaunchConfigurationWorkingCopy.java:376)
	at org.eclipse.debug.internal.core.LaunchConfigurationWorkingCopy.doSave0(LaunchConfigurationWorkingCopy.java:259)
	at org.eclipse.debug.internal.core.LaunchConfigurationWorkingCopy.doSave(LaunchConfigurationWorkingCopy.java:229)
	at org.eclipse.debug.internal.core.LaunchConfigurationWorkingCopy.doSave(LaunchConfigurationWorkingCopy.java:187)
	at org.eclipse.m2e.jdt.internal.launch.MavenRuntimeClasspathProvider.disable(MavenRuntimeClasspathProvider.java:402)
	at org.eclipse.m2e.jdt.internal.launch.MavenRuntimeClasspathProvider.disable(MavenRuntimeClasspathProvider.java:426)
	at org.eclipse.m2e.jdt.internal.launch.MavenLaunchConfigurationListener.mavenProjectChanged(MavenLaunchConfigurationListener.java:130)
	at org.eclipse.m2e.core.internal.project.registry.ProjectRegistryManager.notifyProjectChangeListeners(ProjectRegistryManager.java:824)
	at org.eclipse.m2e.core.internal.project.registry.ProjectRegistryManager.applyMutableProjectRegistry(ProjectRegistryManager.java:991)
	at org.eclipse.m2e.core.internal.project.registry.ProjectRegistryRefreshJob.lambda$0(ProjectRegistryRefreshJob.java:149)
	at org.eclipse.m2e.core.internal.embedder.MavenExecutionContext.executeBare(MavenExecutionContext.java:179)
	at org.eclipse.m2e.core.internal.embedder.MavenExecutionContext.execute(MavenExecutionContext.java:153)
	at org.eclipse.m2e.core.internal.embedder.MavenExecutionContext.execute(MavenExecutionContext.java:101)
	at org.eclipse.m2e.core.internal.embedder.MavenImpl.execute(MavenImpl.java:1374)
	at org.eclipse.m2e.core.internal.project.registry.ProjectRegistryRefreshJob.run(ProjectRegistryRefreshJob.java:84)
	at org.eclipse.core.internal.jobs.Worker.run(Worker.java:63)
2023-05-31 16:55:06,346 [Worker-6: Building] INFO  o.e.m.c.i.embedder.EclipseLogger - Using 'UTF-8' encoding to copy filtered resources.
2023-05-31 16:55:06,346 [Worker-6: Building] INFO  o.e.m.c.i.embedder.EclipseLogger - Using 'UTF-8' encoding to copy filtered properties files.
2023-05-31 16:55:06,347 [Worker-6: Building] INFO  o.e.m.c.i.embedder.EclipseLogger - Copying 4 resources
2023-05-31 16:55:06,492 [Worker-6: Building] INFO  o.e.m.c.i.embedder.EclipseLogger - Copying 0 resource
2023-05-31 16:55:06,500 [Worker-6: Building] INFO  o.e.m.c.i.embedder.EclipseLogger - Using 'UTF-8' encoding to copy filtered resources.
2023-05-31 16:55:06,501 [Worker-6: Building] INFO  o.e.m.c.i.embedder.EclipseLogger - Using 'UTF-8' encoding to copy filtered properties files.
2023-05-31 16:55:06,501 [Worker-6: Building] INFO  o.e.m.c.i.embedder.EclipseLogger - skip non existing resourceDirectory D:\Adv AWS\firstrestmysqljpa\src\test\resources
2023-05-31 16:58:09,281 [Worker-11: Building] INFO  o.e.m.c.i.embedder.EclipseLogger - Using 'UTF-8' encoding to copy filtered resources.
2023-05-31 16:58:09,281 [Worker-11: Building] INFO  o.e.m.c.i.embedder.EclipseLogger - Using 'UTF-8' encoding to copy filtered properties files.
2023-05-31 16:58:09,282 [Worker-11: Building] INFO  o.e.m.c.i.embedder.EclipseLogger - Copying 4 resources
2023-05-31 16:58:09,393 [Worker-11: Building] INFO  o.e.m.c.i.embedder.EclipseLogger - Copying 0 resource
2023-05-31 16:58:09,398 [Worker-11: Building] INFO  o.e.m.c.i.embedder.EclipseLogger - Using 'UTF-8' encoding to copy filtered resources.
2023-05-31 16:58:09,398 [Worker-11: Building] INFO  o.e.m.c.i.embedder.EclipseLogger - Using 'UTF-8' encoding to copy filtered properties files.
2023-05-31 16:58:09,398 [Worker-11: Building] INFO  o.e.m.c.i.embedder.EclipseLogger - skip non existing resourceDirectory D:\Adv AWS\firstrestmysqljpa\src\test\resources
2023-05-31 17:16:00,062 [Worker-12: Building] INFO  o.e.m.c.i.embedder.EclipseLogger - Using 'UTF-8' encoding to copy filtered resources.
2023-05-31 17:16:00,063 [Worker-12: Building] INFO  o.e.m.c.i.embedder.EclipseLogger - Using 'UTF-8' encoding to copy filtered properties files.
2023-05-31 17:16:00,065 [Worker-12: Building] INFO  o.e.m.c.i.embedder.EclipseLogger - Copying 4 resources
2023-05-31 17:16:00,374 [Worker-12: Building] INFO  o.e.m.c.i.embedder.EclipseLogger - Copying 0 resource
2023-05-31 17:16:00,382 [Worker-12: Building] INFO  o.e.m.c.i.embedder.EclipseLogger - Using 'UTF-8' encoding to copy filtered resources.
2023-05-31 17:16:00,382 [Worker-12: Building] INFO  o.e.m.c.i.embedder.EclipseLogger - Using 'UTF-8' encoding to copy filtered properties files.
2023-05-31 17:16:00,382 [Worker-12: Building] INFO  o.e.m.c.i.embedder.EclipseLogger - skip non existing resourceDirectory D:\Adv AWS\firstrestmysqljpa\src\test\resources
2023-05-31 17:20:04,403 [Worker-12: Launching firstrestmysqljpa - Firsrestmysqljpa2Application] INFO  o.e.m.c.i.embedder.EclipseLogger - Using 'UTF-8' encoding to copy filtered resources.
2023-05-31 17:20:04,403 [Worker-12: Launching firstrestmysqljpa - Firsrestmysqljpa2Application] INFO  o.e.m.c.i.embedder.EclipseLogger - Using 'UTF-8' encoding to copy filtered properties files.
2023-05-31 17:20:04,404 [Worker-12: Launching firstrestmysqljpa - Firsrestmysqljpa2Application] INFO  o.e.m.c.i.embedder.EclipseLogger - Copying 4 resources
2023-05-31 17:20:04,515 [Worker-12: Launching firstrestmysqljpa - Firsrestmysqljpa2Application] INFO  o.e.m.c.i.embedder.EclipseLogger - Copying 0 resource
2023-05-31 17:20:04,519 [Worker-12: Launching firstrestmysqljpa - Firsrestmysqljpa2Application] INFO  o.e.m.c.i.embedder.EclipseLogger - Using 'UTF-8' encoding to copy filtered resources.
2023-05-31 17:20:04,519 [Worker-12: Launching firstrestmysqljpa - Firsrestmysqljpa2Application] INFO  o.e.m.c.i.embedder.EclipseLogger - Using 'UTF-8' encoding to copy filtered properties files.
2023-05-31 17:20:04,519 [Worker-12: Launching firstrestmysqljpa - Firsrestmysqljpa2Application] INFO  o.e.m.c.i.embedder.EclipseLogger - skip non existing resourceDirectory D:\Adv AWS\firstrestmysqljpa\src\test\resources
2023-05-31 17:20:04,765 [Worker-11: Building] INFO  o.e.m.c.i.embedder.EclipseLogger - Using 'UTF-8' encoding to copy filtered resources.
2023-05-31 17:20:04,765 [Worker-11: Building] INFO  o.e.m.c.i.embedder.EclipseLogger - Using 'UTF-8' encoding to copy filtered properties files.
2023-05-31 17:20:04,766 [Worker-11: Building] INFO  o.e.m.c.i.embedder.EclipseLogger - Copying 4 resources
2023-05-31 17:20:04,951 [Worker-11: Building] INFO  o.e.m.c.i.embedder.EclipseLogger - Copying 0 resource
2023-05-31 17:20:04,953 [Worker-11: Building] INFO  o.e.m.c.i.embedder.EclipseLogger - Using 'UTF-8' encoding to copy filtered resources.
2023-05-31 17:20:04,954 [Worker-11: Building] INFO  o.e.m.c.i.embedder.EclipseLogger - Using 'UTF-8' encoding to copy filtered properties files.
2023-05-31 17:20:04,954 [Worker-11: Building] INFO  o.e.m.c.i.embedder.EclipseLogger - skip non existing resourceDirectory D:\Adv AWS\firstrestmysqljpa\src\test\resources
2023-05-31 17:21:50,103 [Worker-20: Building] INFO  o.e.m.c.i.embedder.EclipseLogger - Using 'UTF-8' encoding to copy filtered resources.
2023-05-31 17:21:50,103 [Worker-20: Building] INFO  o.e.m.c.i.embedder.EclipseLogger - Using 'UTF-8' encoding to copy filtered properties files.
2023-05-31 17:21:50,104 [Worker-20: Building] INFO  o.e.m.c.i.embedder.EclipseLogger - Copying 4 resources
2023-05-31 17:21:50,187 [Worker-20: Building] INFO  o.e.m.c.i.embedder.EclipseLogger - Copying 0 resource
2023-05-31 17:21:50,190 [Worker-20: Building] INFO  o.e.m.c.i.embedder.EclipseLogger - Using 'UTF-8' encoding to copy filtered resources.
2023-05-31 17:21:50,190 [Worker-20: Building] INFO  o.e.m.c.i.embedder.EclipseLogger - Using 'UTF-8' encoding to copy filtered properties files.
2023-05-31 17:21:50,190 [Worker-20: Building] INFO  o.e.m.c.i.embedder.EclipseLogger - skip non existing resourceDirectory D:\Adv AWS\firstrestmysqljpa\src\test\resources
2023-05-31 17:22:42,895 [Worker-11: Building] INFO  o.e.m.c.i.embedder.EclipseLogger - Using 'UTF-8' encoding to copy filtered resources.
2023-05-31 17:22:42,895 [Worker-11: Building] INFO  o.e.m.c.i.embedder.EclipseLogger - Using 'UTF-8' encoding to copy filtered properties files.
2023-05-31 17:22:42,896 [Worker-11: Building] INFO  o.e.m.c.i.embedder.EclipseLogger - Copying 4 resources
2023-05-31 17:22:43,015 [Worker-11: Building] INFO  o.e.m.c.i.embedder.EclipseLogger - Copying 0 resource
2023-05-31 17:22:43,021 [Worker-11: Building] INFO  o.e.m.c.i.embedder.EclipseLogger - Using 'UTF-8' encoding to copy filtered resources.
2023-05-31 17:22:43,021 [Worker-11: Building] INFO  o.e.m.c.i.embedder.EclipseLogger - Using 'UTF-8' encoding to copy filtered properties files.
2023-05-31 17:22:43,021 [Worker-11: Building] INFO  o.e.m.c.i.embedder.EclipseLogger - skip non existing resourceDirectory D:\Adv AWS\firstrestmysqljpa\src\test\resources
